

Processing TestController#index (for 127.0.0.1 at 2009-03-07 22:26:24) [GET]
Rendering template within layouts/control_center
Rendering test/index
Rendered layouts/_header_links (0.2ms)
Rendered layouts/_tabs (0.4ms)
Rendered layouts/_sub_nav (0.4ms)
Completed in 11ms (View: 8, DB: 0) | 200 OK [http://localhost/]


Processing TestController#index (for 127.0.0.1 at 2009-03-07 22:28:35) [GET]
Rendering template within layouts/control_center
Rendering test/index
Rendered layouts/_header_links (0.2ms)
Rendered layouts/_tabs (0.4ms)
Rendered layouts/_sub_nav (0.4ms)
Completed in 9ms (View: 7, DB: 0) | 200 OK [http://localhost/]


Processing TestController#index (for 127.0.0.1 at 2009-03-07 22:28:38) [GET]
Rendering template within layouts/control_center
Rendering test/index
Rendered layouts/_header_links (0.2ms)
Rendered layouts/_tabs (0.4ms)
Rendered layouts/_sub_nav (0.4ms)
Completed in 8ms (View: 6, DB: 0) | 200 OK [http://localhost/]


Processing TestController#index (for 127.0.0.1 at 2009-03-07 22:29:30) [GET]
Rendering template within layouts/control_center
Rendering test/index
Rendered layouts/_header_links (0.2ms)
Rendered layouts/_tabs (0.4ms)
Rendered layouts/_sub_nav (0.4ms)
Completed in 9ms (View: 7, DB: 0) | 200 OK [http://localhost/]


Processing TestController#index (for 127.0.0.1 at 2009-03-07 22:31:13) [GET]
Rendering template within layouts/control_center
Rendering test/index
Rendered layouts/_header_links (0.2ms)
Rendered layouts/_tabs (0.4ms)
Rendered layouts/_sub_nav (0.4ms)
Completed in 8ms (View: 6, DB: 0) | 200 OK [http://localhost/]


Processing TestController#index (for 127.0.0.1 at 2009-03-07 22:31:30) [GET]
Rendering template within layouts/control_center
Rendering test/index
Rendered layouts/_header_links (0.2ms)
Rendered layouts/_tabs (0.4ms)
Rendered layouts/_sub_nav (0.4ms)
Completed in 9ms (View: 7, DB: 0) | 200 OK [http://localhost/]


Processing TestController#index (for 127.0.0.1 at 2009-03-07 22:31:34) [GET]
Rendering template within layouts/control_center
Rendering test/index
Rendered layouts/_header_links (0.3ms)
Rendered layouts/_tabs (0.5ms)
Rendered layouts/_sub_nav (0.4ms)
Completed in 10ms (View: 8, DB: 0) | 200 OK [http://localhost/]


Processing TestController#index (for 127.0.0.1 at 2009-03-07 22:32:24) [GET]
Rendering template within layouts/control_center
Rendering test/index
Rendered layouts/_header_links (0.2ms)
Rendered layouts/_tabs (0.4ms)
Rendered layouts/_sub_nav (0.4ms)
Completed in 9ms (View: 7, DB: 0) | 200 OK [http://localhost/]


Processing TestController#index (for 127.0.0.1 at 2009-03-07 22:33:24) [GET]
Rendering template within layouts/control_center
Rendering test/index
Rendered layouts/_header_links (0.2ms)
Rendered layouts/_tabs (0.4ms)
Rendered layouts/_sub_nav (0.4ms)
Completed in 9ms (View: 7, DB: 0) | 200 OK [http://localhost/]


Processing TestController#index (for 127.0.0.1 at 2009-03-07 22:36:16) [GET]
Rendering template within layouts/control_center
Rendering test/index
Rendered layouts/_header_links (0.2ms)
Rendered layouts/_tabs (0.4ms)
Rendered layouts/_sub_nav (0.4ms)
Completed in 9ms (View: 7, DB: 0) | 200 OK [http://localhost/]


Processing TestController#index (for 127.0.0.1 at 2009-03-07 22:36:20) [GET]
Rendering template within layouts/control_center
Rendering test/index
Rendered layouts/_header_links (0.2ms)
Rendered layouts/_tabs (0.4ms)
Rendered layouts/_sub_nav (0.4ms)
Completed in 8ms (View: 6, DB: 0) | 200 OK [http://localhost/]


Processing TestController#index (for 127.0.0.1 at 2009-03-07 22:36:30) [GET]
Rendering template within layouts/control_center
Rendering test/index
Rendered layouts/_header_links (0.2ms)
Rendered layouts/_tabs (0.4ms)
Rendered layouts/_sub_nav (0.6ms)
Completed in 9ms (View: 7, DB: 0) | 200 OK [http://localhost/]


Processing TestController#index (for 127.0.0.1 at 2009-03-07 22:37:19) [GET]
Rendering template within layouts/control_center
Rendering test/index
Rendered layouts/_header_links (0.2ms)
Rendered layouts/_tabs (0.4ms)
Rendered layouts/_sub_nav (0.4ms)
Completed in 9ms (View: 6, DB: 0) | 200 OK [http://localhost/]


Processing TestController#index (for 127.0.0.1 at 2009-03-07 22:37:47) [GET]
Rendering template within layouts/control_center
Rendering test/index
Rendered layouts/_header_links (0.2ms)
Rendered layouts/_tabs (0.4ms)
Rendered layouts/_sub_nav (0.4ms)
Completed in 9ms (View: 7, DB: 0) | 200 OK [http://localhost/]


Processing TestController#index (for 127.0.0.1 at 2009-03-07 22:37:50) [GET]
Rendering template within layouts/control_center
Rendering test/index
Rendered layouts/_header_links (0.2ms)
Rendered layouts/_tabs (0.4ms)
Rendered layouts/_sub_nav (0.4ms)
Completed in 8ms (View: 6, DB: 0) | 200 OK [http://localhost/]


Processing TestController#index (for 127.0.0.1 at 2009-03-07 22:38:50) [GET]
Rendering template within layouts/control_center
Rendering test/index
Rendered layouts/_header_links (0.2ms)
Rendered layouts/_tabs (0.4ms)
Rendered layouts/_sub_nav (0.4ms)
Completed in 9ms (View: 7, DB: 0) | 200 OK [http://localhost/]
